Using pre-set license
Built from '2020.3/staging' branch; Version is '2020.3.26f1 (7298b473bc1a) revision 7510196'; Using compiler version '192528614'; Build Type 'Release'
OS: 'Windows 11  (10.0.22526) 64bit Core' Language: 'sr' Physical Memory: 16319 MB
BatchMode: 1, IsHumanControllingUs: 0, StartBugReporterOnCrash: 0, Is64bit: 1, IsPro: 0

COMMAND LINE ARGUMENTS:
C:\Program Files\Unity\Hub\Editor\2020.3.26f1\Editor\Unity.exe
-adb2
-batchMode
-noUpm
-name
AssetImportWorker0
-projectPath
D:/dev/WalkingDinoAR
-logFile
Logs/AssetImportWorker0.log
-srvPort
56200
Successfully changed project path to: D:/dev/WalkingDinoAR
D:/dev/WalkingDinoAR
Using Asset Import Pipeline V2.
Refreshing native plugins compatible for Editor in 78.01 ms, found 4 plugins.
Preloading 0 native plugins for Editor in 0.00 ms.
Initialize engine version: 2020.3.26f1 (7298b473bc1a)
[Subsystems] Discovering subsystems at path C:/Program Files/Unity/Hub/Editor/2020.3.26f1/Editor/Data/Resources/UnitySubsystems
[Subsystems] Discovering subsystems at path D:/dev/WalkingDinoAR/Assets
GfxDevice: creating device client; threaded=0
Direct3D:
    Version:  Direct3D 11.0 [level 11.1]
    Renderer: NVIDIA GeForce GTX 1060 (ID=0x1c20)
    Vendor:   
    VRAM:     2987 MB
    Driver:   30.0.14.7196
Initialize mono
Mono path[0] = 'C:/Program Files/Unity/Hub/Editor/2020.3.26f1/Editor/Data/Managed'
Mono path[1] = 'C:/Program Files/Unity/Hub/Editor/2020.3.26f1/Editor/Data/MonoBleedingEdge/lib/mono/unityjit'
Mono config path = 'C:/Program Files/Unity/Hub/Editor/2020.3.26f1/Editor/Data/MonoBleedingEdge/etc'
Using monoOptions --debugger-agent=transport=dt_socket,embedding=1,server=y,suspend=n,address=127.0.0.1:56588
Begin MonoManager ReloadAssembly
Registering precompiled unity dll's ...
Register platform support module: C:/Program Files/Unity/Hub/Editor/2020.3.26f1/Editor/Data/PlaybackEngines/WindowsStandaloneSupport/UnityEditor.WindowsStandalone.Extensions.dll
Registered in 0.001899 seconds.
Native extension for WindowsStandalone target not found
Refreshing native plugins compatible for Editor in 40.15 ms, found 4 plugins.
Preloading 0 native plugins for Editor in 0.00 ms.
Mono: successfully reloaded assembly
- Completed reload, in  0.724 seconds
Domain Reload Profiling:
	ReloadAssembly (725ms)
		BeginReloadAssembly (64ms)
			ExecutionOrderSort (0ms)
			DisableScriptedObjects (0ms)
			BackupInstance (0ms)
			ReleaseScriptingObjects (0ms)
			CreateAndSetChildDomain (1ms)
		EndReloadAssembly (576ms)
			LoadAssemblies (62ms)
			RebuildTransferFunctionScriptingTraits (0ms)
			SetupTypeCache (183ms)
			ReleaseScriptCaches (0ms)
			RebuildScriptCaches (37ms)
			SetupLoadedEditorAssemblies (212ms)
				LogAssemblyErrors (0ms)
				InitializePlatformSupportModulesInManaged (4ms)
				SetLoadedEditorAssemblies (0ms)
				RefreshPlugins (40ms)
				BeforeProcessingInitializeOnLoad (18ms)
				ProcessInitializeOnLoadAttributes (111ms)
				ProcessInitializeOnLoadMethodAttributes (37ms)
				AfterProcessingInitializeOnLoad (0ms)
				EditorAssembliesLoaded (0ms)
			ExecutionOrderSort2 (0ms)
			AwakeInstancesAfterBackupRestoration (0ms)
Platform modules already initialized, skipping
Registering precompiled user dll's ...
Registered in 0.012007 seconds.
Begin MonoManager ReloadAssembly
Native extension for WindowsStandalone target not found
Refreshing native plugins compatible for Editor in 0.53 ms, found 4 plugins.
Preloading 0 native plugins for Editor in 0.00 ms.
Mono: successfully reloaded assembly
- Completed reload, in  1.652 seconds
Domain Reload Profiling:
	ReloadAssembly (1654ms)
		BeginReloadAssembly (278ms)
			ExecutionOrderSort (0ms)
			DisableScriptedObjects (8ms)
			BackupInstance (0ms)
			ReleaseScriptingObjects (0ms)
			CreateAndSetChildDomain (37ms)
		EndReloadAssembly (1241ms)
			LoadAssemblies (208ms)
			RebuildTransferFunctionScriptingTraits (0ms)
			SetupTypeCache (483ms)
			ReleaseScriptCaches (0ms)
			RebuildScriptCaches (55ms)
			SetupLoadedEditorAssemblies (408ms)
				LogAssemblyErrors (0ms)
				InitializePlatformSupportModulesInManaged (5ms)
				SetLoadedEditorAssemblies (1ms)
				RefreshPlugins (1ms)
				BeforeProcessingInitializeOnLoad (89ms)
				ProcessInitializeOnLoadAttributes (288ms)
				ProcessInitializeOnLoadMethodAttributes (16ms)
				AfterProcessingInitializeOnLoad (9ms)
				EditorAssembliesLoaded (0ms)
			ExecutionOrderSort2 (0ms)
			AwakeInstancesAfterBackupRestoration (8ms)
Platform modules already initialized, skipping
========================================================================
Worker process is ready to serve import requests
Launched and connected shader compiler UnityShaderCompiler.exe after 0.11 seconds
Refreshing native plugins compatible for Editor in 0.53 ms, found 4 plugins.
Preloading 0 native plugins for Editor in 0.00 ms.
Unloading 1594 Unused Serialized files (Serialized files now loaded: 0)
System memory in use before: 72.2 MB.
System memory in use after: 72.2 MB.

Unloading 38 unused Assets to reduce memory usage. Loaded Objects now: 2038.
Total: 4.213100 ms (FindLiveObjects: 0.296600 ms CreateObjectMapping: 0.111300 ms MarkObjects: 3.455000 ms  DeleteObjects: 0.348300 ms)

AssetImportParameters requested are different than current active one (requested -> active):
  custom:framework-win-MediaFoundation: 216162199b28c13a410421893ffa2e32 -> 
  custom:video-decoder-ogg-theora: a1e56fd34408186e4bbccfd4996cb3dc -> 
  custom:container-muxer-webm: aa71ff27fc2769a1b78a27578f13a17b -> 
  custom:container-demuxer-webm: 4f35f7cbe854078d1ac9338744f61a02 -> 
  custom:container-demuxer-ogg: 62fdf1f143b41e24485cea50d1cbac27 -> 
  custom:video-encoder-webm-vp8: eb34c28f22e8b96e1ab97ce403110664 -> 
  custom:video-codec-MediaFoundation-h265: 746d11721c4dcdbdad8f713fa42b33f4 -> 
  custom:video-decoder-webm-vp8: 9c59270c3fd7afecdb556c50c9e8de78 -> 
  custom:audio-decoder-ogg-vorbis: bf7c407c2cedff20999df2af8eb42d56 -> 
  custom:audio-encoder-webm-vorbis: bf7c407c2cedff20999df2af8eb42d56 -> 
========================================================================
Received Import Request.
  path: Assets/Wikitude/Samples/SampleMaterials/Pipes/blue.mat
  artifactKey: Guid(01e3b1aba34e44c62a3f4db87d231285) Importer(815301076,1909f56bfc062723c751e8b465ee728b)
Start importing Assets/Wikitude/Samples/SampleMaterials/Pipes/blue.mat using Guid(01e3b1aba34e44c62a3f4db87d231285) Importer(815301076,1909f56bfc062723c751e8b465ee728b)  -> (artifact id: 'f1946fe9fd504d7c9ae848ff59a17cbb') in 0.182481 seconds 
  Import took 0.185698 seconds .

========================================================================
Received Import Request.
  Time since last request: 0.000420 seconds.
  path: Assets/Wikitude/Samples/Models/Furniture/Materials/Clock Face.mat
  artifactKey: Guid(e9deb90b83bfb43f3a0317f8e7c0b85e) Importer(815301076,1909f56bfc062723c751e8b465ee728b)
Start importing Assets/Wikitude/Samples/Models/Furniture/Materials/Clock Face.mat using Guid(e9deb90b83bfb43f3a0317f8e7c0b85e) Importer(815301076,1909f56bfc062723c751e8b465ee728b)  -> (artifact id: '63afc71eeec5dd939db0b3d771a38412') in 0.048023 seconds 
  Import took 0.052582 seconds .

========================================================================
Received Import Request.
  Time since last request: 0.000734 seconds.
  path: Assets/Wikitude/Samples/Models/Furniture/Materials/Clock Detail.mat
  artifactKey: Guid(02bcc90a7f0e04c7aaaf03b723691af9) Importer(815301076,1909f56bfc062723c751e8b465ee728b)
Start importing Assets/Wikitude/Samples/Models/Furniture/Materials/Clock Detail.mat using Guid(02bcc90a7f0e04c7aaaf03b723691af9) Importer(815301076,1909f56bfc062723c751e8b465ee728b)  -> (artifact id: 'a40375a0e7f4305ae2de62030051cb72') in 0.020355 seconds 
  Import took 0.041494 seconds .

========================================================================
Received Import Request.
  Time since last request: 0.000504 seconds.
  path: Assets/Wikitude/Samples/Models/Furniture/Materials/Clock Pendulum.mat
  artifactKey: Guid(f3c90b83513234a0eabea551cdde3ee1) Importer(815301076,1909f56bfc062723c751e8b465ee728b)
Start importing Assets/Wikitude/Samples/Models/Furniture/Materials/Clock Pendulum.mat using Guid(f3c90b83513234a0eabea551cdde3ee1) Importer(815301076,1909f56bfc062723c751e8b465ee728b)  -> (artifact id: '2f24fbe308a18d0805d9244b9b88c59a') in 0.046262 seconds 
  Import took 0.049806 seconds .

========================================================================
Received Import Request.
  Time since last request: 0.000433 seconds.
  path: Assets/Wikitude/Samples/Models/Firetruck/Materials/Arrow.mat
  artifactKey: Guid(a5a0356345967475ab2ed7c42c387c4d) Importer(815301076,1909f56bfc062723c751e8b465ee728b)
Start importing Assets/Wikitude/Samples/Models/Firetruck/Materials/Arrow.mat using Guid(a5a0356345967475ab2ed7c42c387c4d) Importer(815301076,1909f56bfc062723c751e8b465ee728b)  -> (artifact id: '80d2e1a7198ae272109b735abf3cf995') in 0.126434 seconds 
  Import took 0.130100 seconds .

========================================================================
Received Import Request.
  Time since last request: 0.000498 seconds.
  path: Assets/Wikitude/Samples/SampleMaterials/WikitudeEye/aug-textur_512x512.mat
  artifactKey: Guid(d2e85e8e1de134b3fa3f1527913c76fb) Importer(815301076,1909f56bfc062723c751e8b465ee728b)
Start importing Assets/Wikitude/Samples/SampleMaterials/WikitudeEye/aug-textur_512x512.mat using Guid(d2e85e8e1de134b3fa3f1527913c76fb) Importer(815301076,1909f56bfc062723c751e8b465ee728b)  -> (artifact id: '931eb529d791c0a2efdf990ad3f0592a') in 0.089676 seconds 
  Import took 0.093808 seconds .

========================================================================
Received Import Request.
  Time since last request: 0.000397 seconds.
  path: Assets/Wikitude/Samples/Models/Furniture/Materials/Clock Handles.mat
  artifactKey: Guid(973f3f508fc014ac3a921e2202fb7cd7) Importer(815301076,1909f56bfc062723c751e8b465ee728b)
Start importing Assets/Wikitude/Samples/Models/Furniture/Materials/Clock Handles.mat using Guid(973f3f508fc014ac3a921e2202fb7cd7) Importer(815301076,1909f56bfc062723c751e8b465ee728b)  -> (artifact id: 'd6d7766b6fda954fe1b07b1f4db440ca') in 0.054945 seconds 
  Import took 0.059482 seconds .

========================================================================
Received Import Request.
  Time since last request: 0.000323 seconds.
  path: Assets/Wikitude/Samples/Models/Firetruck/Materials/color_2829873.mat
  artifactKey: Guid(a3d8b624ece8b4e57bd0e8bb543058aa) Importer(815301076,1909f56bfc062723c751e8b465ee728b)
Start importing Assets/Wikitude/Samples/Models/Firetruck/Materials/color_2829873.mat using Guid(a3d8b624ece8b4e57bd0e8bb543058aa) Importer(815301076,1909f56bfc062723c751e8b465ee728b)  -> (artifact id: 'da4f15de20f0d8dbf0870c439224d22e') in 0.033190 seconds 
  Import took 0.036632 seconds .

========================================================================
Received Import Request.
  Time since last request: 0.000398 seconds.
  path: Assets/Wikitude/Samples/Models/Furniture/Materials/Clock Wood.mat
  artifactKey: Guid(84b627d631a4b4f11b0009460ee3177b) Importer(815301076,1909f56bfc062723c751e8b465ee728b)
Start importing Assets/Wikitude/Samples/Models/Furniture/Materials/Clock Wood.mat using Guid(84b627d631a4b4f11b0009460ee3177b) Importer(815301076,1909f56bfc062723c751e8b465ee728b)  -> (artifact id: '191213d621d69103bfc96b2a86844b1b') in 0.042531 seconds 
  Import took 0.046093 seconds .

========================================================================
Received Import Request.
  Time since last request: 1.013117 seconds.
  path: Assets/Wikitude/Samples/Models/Firetruck/Materials/Alignment.mat
  artifactKey: Guid(d664f387883304f259dfa4eeb01302a1) Importer(815301076,1909f56bfc062723c751e8b465ee728b)
Start importing Assets/Wikitude/Samples/Models/Firetruck/Materials/Alignment.mat using Guid(d664f387883304f259dfa4eeb01302a1) Importer(815301076,1909f56bfc062723c751e8b465ee728b)  -> (artifact id: '69563fce07efe0013cbb83ee21f834f6') in 0.090151 seconds 
  Import took 0.099357 seconds .

========================================================================
Received Import Request.
  Time since last request: 8.121933 seconds.
  path: Assets/Standard Assets/CrossPlatformInput/Sprites/ButtonAcceleratorOverSprite.png
  artifactKey: Guid(eb5f6e2757c821940b69cf1456f7865a) Importer(815301076,1909f56bfc062723c751e8b465ee728b)
Start importing Assets/Standard Assets/CrossPlatformInput/Sprites/ButtonAcceleratorOverSprite.png using Guid(eb5f6e2757c821940b69cf1456f7865a) Importer(815301076,1909f56bfc062723c751e8b465ee728b)  -> (artifact id: '91a830fa6d30e60bd09021157e8103e0') in 0.144411 seconds 
  Import took 0.148145 seconds .

========================================================================
Received Import Request.
  Time since last request: 0.000336 seconds.
  path: Assets/Standard Assets/CrossPlatformInput/Sprites/ButtonBrakeUpSprite.png
  artifactKey: Guid(827c9cd4a3943534f909ac6473e17288) Importer(815301076,1909f56bfc062723c751e8b465ee728b)
Start importing Assets/Standard Assets/CrossPlatformInput/Sprites/ButtonBrakeUpSprite.png using Guid(827c9cd4a3943534f909ac6473e17288) Importer(815301076,1909f56bfc062723c751e8b465ee728b)  -> (artifact id: 'caef054fadea087a97c13bbd1fdad76d') in 0.064210 seconds 
  Import took 0.081893 seconds .

========================================================================
Received Import Request.
  Time since last request: 0.000309 seconds.
  path: Assets/Standard Assets/CrossPlatformInput/Sprites/SliderHandleSprite.png
  artifactKey: Guid(0626b924325d1c34cafa6b22297f4e4f) Importer(815301076,1909f56bfc062723c751e8b465ee728b)
Start importing Assets/Standard Assets/CrossPlatformInput/Sprites/SliderHandleSprite.png using Guid(0626b924325d1c34cafa6b22297f4e4f) Importer(815301076,1909f56bfc062723c751e8b465ee728b)  -> (artifact id: 'dfebf7a3bee905d0cd193c3075af21ee') in 0.047688 seconds 
  Import took 0.068580 seconds .

========================================================================
Received Import Request.
  Time since last request: 0.000355 seconds.
  path: Assets/Standard Assets/CrossPlatformInput/Sprites/ButtonThumbstickOverSprite.png
  artifactKey: Guid(5485e2f56028a3c4cb54f5caa167377e) Importer(815301076,1909f56bfc062723c751e8b465ee728b)
Start importing Assets/Standard Assets/CrossPlatformInput/Sprites/ButtonThumbstickOverSprite.png using Guid(5485e2f56028a3c4cb54f5caa167377e) Importer(815301076,1909f56bfc062723c751e8b465ee728b)  -> (artifact id: 'd4745f84c3ee64808c818e38d6f41852') in 0.072876 seconds 
  Import took 0.076319 seconds .

========================================================================
Received Import Request.
  Time since last request: 0.000386 seconds.
  path: Assets/Standard Assets/CrossPlatformInput/Sprites/ButtonTimescaleFullUpSprite.png
  artifactKey: Guid(0c6271a290ef75b4c97d58746c86c5b8) Importer(815301076,1909f56bfc062723c751e8b465ee728b)
Start importing Assets/Standard Assets/CrossPlatformInput/Sprites/ButtonTimescaleFullUpSprite.png using Guid(0c6271a290ef75b4c97d58746c86c5b8) Importer(815301076,1909f56bfc062723c751e8b465ee728b)  -> (artifact id: '86c09d4d3644337fc90492f4b569adb0') in 0.057845 seconds 
  Import took 0.061732 seconds .

========================================================================
Received Import Request.
  Time since last request: 0.000331 seconds.
  path: Assets/Standard Assets/CrossPlatformInput/Sprites/ButtonTimescaleSlowUpSprite.png
  artifactKey: Guid(9d7c6e4896067aa4fa512a00f692ac1c) Importer(815301076,1909f56bfc062723c751e8b465ee728b)
Start importing Assets/Standard Assets/CrossPlatformInput/Sprites/ButtonTimescaleSlowUpSprite.png using Guid(9d7c6e4896067aa4fa512a00f692ac1c) Importer(815301076,1909f56bfc062723c751e8b465ee728b)  -> (artifact id: 'fe2eab157527fe4f05ad014f35f7eedc') in 0.189969 seconds 
  Import took 0.212155 seconds .

========================================================================
Received Import Request.
  Time since last request: 0.000363 seconds.
  path: Assets/Standard Assets/CrossPlatformInput/Sprites/ButtonArrowOverSprite.png
  artifactKey: Guid(49b611e658efbf443b686a4036f74fe3) Importer(815301076,1909f56bfc062723c751e8b465ee728b)
Start importing Assets/Standard Assets/CrossPlatformInput/Sprites/ButtonArrowOverSprite.png using Guid(49b611e658efbf443b686a4036f74fe3) Importer(815301076,1909f56bfc062723c751e8b465ee728b)  -> (artifact id: '684c12c2cf4634103f608790c93680cc') in 0.053633 seconds 
  Import took 0.057588 seconds .

========================================================================
Received Import Request.
  Time since last request: 0.000513 seconds.
  path: Assets/Standard Assets/CrossPlatformInput/Sprites/ButtonBrakeOverSprite.png
  artifactKey: Guid(5b1a64ea234fb2343b8d0686c51280de) Importer(815301076,1909f56bfc062723c751e8b465ee728b)
Start importing Assets/Standard Assets/CrossPlatformInput/Sprites/ButtonBrakeOverSprite.png using Guid(5b1a64ea234fb2343b8d0686c51280de) Importer(815301076,1909f56bfc062723c751e8b465ee728b)  -> (artifact id: '8daba268792c26ca84f68ae35a472733') in 0.067288 seconds 
  Import took 0.070701 seconds .

========================================================================
Received Import Request.
  Time since last request: 0.000367 seconds.
  path: Assets/Standard Assets/CrossPlatformInput/Sprites/ButtonSpacebarSprite.png
  artifactKey: Guid(3d8675433a508ec47b8f895201eacf20) Importer(815301076,1909f56bfc062723c751e8b465ee728b)
Start importing Assets/Standard Assets/CrossPlatformInput/Sprites/ButtonSpacebarSprite.png using Guid(3d8675433a508ec47b8f895201eacf20) Importer(815301076,1909f56bfc062723c751e8b465ee728b)  -> (artifact id: '43cb31a6d9610bfcb83517ca43012f11') in 0.033680 seconds 
  Import took 0.037360 seconds .

========================================================================
Received Import Request.
  Time since last request: 0.000235 seconds.
  path: Assets/Standard Assets/CrossPlatformInput/Sprites/SliderBackgroundSprite.png
  artifactKey: Guid(ea5873cfd9158664f89459f0c9e1d853) Importer(815301076,1909f56bfc062723c751e8b465ee728b)
Start importing Assets/Standard Assets/CrossPlatformInput/Sprites/SliderBackgroundSprite.png using Guid(ea5873cfd9158664f89459f0c9e1d853) Importer(815301076,1909f56bfc062723c751e8b465ee728b)  -> (artifact id: '0c5aa663bf5d29e055d0c54ae45d0037') in 0.032585 seconds 
  Import took 0.036161 seconds .

========================================================================
Received Import Request.
  Time since last request: 0.000266 seconds.
  path: Assets/Standard Assets/CrossPlatformInput/Sprites/ButtonThumbstickUpSprite.png
  artifactKey: Guid(9866a92691696b346901281f2b329034) Importer(815301076,1909f56bfc062723c751e8b465ee728b)
Start importing Assets/Standard Assets/CrossPlatformInput/Sprites/ButtonThumbstickUpSprite.png using Guid(9866a92691696b346901281f2b329034) Importer(815301076,1909f56bfc062723c751e8b465ee728b)  -> (artifact id: 'be7ff4069be0234ee448e2c3bf91ceff') in 0.035792 seconds 
  Import took 0.054775 seconds .

========================================================================
Received Import Request.
  Time since last request: 0.000377 seconds.
  path: Assets/Standard Assets/CrossPlatformInput/Sprites/ButtonResetSprite.png
  artifactKey: Guid(a94c9a7eb94ceec4a8d67a1890e22e51) Importer(815301076,1909f56bfc062723c751e8b465ee728b)
Start importing Assets/Standard Assets/CrossPlatformInput/Sprites/ButtonResetSprite.png using Guid(a94c9a7eb94ceec4a8d67a1890e22e51) Importer(815301076,1909f56bfc062723c751e8b465ee728b)  -> (artifact id: '0cd6ea364851d2d7b9f27e87eadfabbb') in 0.046244 seconds 
  Import took 0.049385 seconds .

========================================================================
Received Import Request.
  Time since last request: 0.000360 seconds.
  path: Assets/Standard Assets/CrossPlatformInput/Sprites/ButtonArrowUpSprite.png
  artifactKey: Guid(4db017495c69e8140a56a0e2b669e3f8) Importer(815301076,1909f56bfc062723c751e8b465ee728b)
Start importing Assets/Standard Assets/CrossPlatformInput/Sprites/ButtonArrowUpSprite.png using Guid(4db017495c69e8140a56a0e2b669e3f8) Importer(815301076,1909f56bfc062723c751e8b465ee728b)  -> (artifact id: 'df2abd60be37fa6f7d68320011dbdcb2') in 0.046725 seconds 
  Import took 0.050269 seconds .

========================================================================
Received Import Request.
  Time since last request: 0.000393 seconds.
  path: Assets/Standard Assets/CrossPlatformInput/Sprites/ButtonCameraCycleUpSprite.png
  artifactKey: Guid(a3983c59ebf804b4abba687bd7c9e92f) Importer(815301076,1909f56bfc062723c751e8b465ee728b)
Start importing Assets/Standard Assets/CrossPlatformInput/Sprites/ButtonCameraCycleUpSprite.png using Guid(a3983c59ebf804b4abba687bd7c9e92f) Importer(815301076,1909f56bfc062723c751e8b465ee728b)  -> (artifact id: '76c6c1c1c6f27674352de801f1001185') in 0.073071 seconds 
  Import took 0.086963 seconds .

========================================================================
Received Import Request.
  Time since last request: 0.000331 seconds.
  path: Assets/Standard Assets/CrossPlatformInput/Sprites/TouchpadSprite.png
  artifactKey: Guid(e4f1fee3de32377429fd1348fae62b10) Importer(815301076,1909f56bfc062723c751e8b465ee728b)
Start importing Assets/Standard Assets/CrossPlatformInput/Sprites/TouchpadSprite.png using Guid(e4f1fee3de32377429fd1348fae62b10) Importer(815301076,1909f56bfc062723c751e8b465ee728b)  -> (artifact id: 'b4711fb8241a8a02145f4a52f1fc641c') in 0.067382 seconds 
  Import took 0.071008 seconds .

========================================================================
Received Import Request.
  Time since last request: 0.000383 seconds.
  path: Assets/Standard Assets/CrossPlatformInput/Sprites/ButtonAcceleratorUpSprite.png
  artifactKey: Guid(f588d850485d0ae479d73cf3bd0b7b00) Importer(815301076,1909f56bfc062723c751e8b465ee728b)
Start importing Assets/Standard Assets/CrossPlatformInput/Sprites/ButtonAcceleratorUpSprite.png using Guid(f588d850485d0ae479d73cf3bd0b7b00) Importer(815301076,1909f56bfc062723c751e8b465ee728b)  -> (artifact id: 'b642b29ee56f2866390b3b113324cda6') in 0.049561 seconds 
  Import took 0.053139 seconds .

========================================================================
Received Import Request.
  Time since last request: 8.273039 seconds.
  path: Assets/Wikitude/Samples/TargetImages/carAd.jpg
  artifactKey: Guid(637e13d58e51a439cbd0e7db700356c6) Importer(815301076,1909f56bfc062723c751e8b465ee728b)
Start importing Assets/Wikitude/Samples/TargetImages/carAd.jpg using Guid(637e13d58e51a439cbd0e7db700356c6) Importer(815301076,1909f56bfc062723c751e8b465ee728b)  -> (artifact id: 'ca17060635388413e57c6258697dbbb3') in 0.101616 seconds 
  Import took 0.105332 seconds .

========================================================================
Received Import Request.
  Time since last request: 0.000514 seconds.
  path: Assets/Wikitude/Samples/Icons/clock.png
  artifactKey: Guid(1c2b71182204546498edc21df0174866) Importer(815301076,1909f56bfc062723c751e8b465ee728b)
Start importing Assets/Wikitude/Samples/Icons/clock.png using Guid(1c2b71182204546498edc21df0174866) Importer(815301076,1909f56bfc062723c751e8b465ee728b)  -> (artifact id: '088eba08be6913b0b0e274a1bbfe6e94') in 0.080120 seconds 
  Import took 0.091323 seconds .

========================================================================
Received Import Request.
  Time since last request: 5.787845 seconds.
  path: Assets/Wikitude/Samples/Icons/couch.png
  artifactKey: Guid(b3311e39366144b5f8960485c25ff519) Importer(815301076,1909f56bfc062723c751e8b465ee728b)
Start importing Assets/Wikitude/Samples/Icons/couch.png using Guid(b3311e39366144b5f8960485c25ff519) Importer(815301076,1909f56bfc062723c751e8b465ee728b)  -> (artifact id: 'a21eb748961e6874f8868f482fd630a5') in 0.067741 seconds 
  Import took 0.071134 seconds .

========================================================================
Received Import Request.
  Time since last request: 0.000511 seconds.
  path: Assets/Wikitude/Samples/TargetImages/diplodocus.png
  artifactKey: Guid(f41701ed2709f44589c3257e491dc022) Importer(815301076,1909f56bfc062723c751e8b465ee728b)
Start importing Assets/Wikitude/Samples/TargetImages/diplodocus.png using Guid(f41701ed2709f44589c3257e491dc022) Importer(815301076,1909f56bfc062723c751e8b465ee728b)  -> (artifact id: '7e0686af623f2e6a5e500d39da454734') in 0.073350 seconds 
  Import took 0.076547 seconds .

========================================================================
Received Import Request.
  Time since last request: 0.000414 seconds.
  path: Assets/Wikitude/Samples/TargetImages/firetruck_image.png
  artifactKey: Guid(3e633b9a2b3a9444f85d835f13934120) Importer(815301076,1909f56bfc062723c751e8b465ee728b)
Start importing Assets/Wikitude/Samples/TargetImages/firetruck_image.png using Guid(3e633b9a2b3a9444f85d835f13934120) Importer(815301076,1909f56bfc062723c751e8b465ee728b)  -> (artifact id: '58a1de8b07012c1800c48ffd509d7c26') in 0.048083 seconds 
  Import took 0.051016 seconds .

========================================================================
Received Import Request.
  Time since last request: 0.000416 seconds.
  path: Assets/Wikitude/Samples/Icons/focus_icon.png
  artifactKey: Guid(9534ed7c100124e2d8bd2ea09bee6f10) Importer(815301076,1909f56bfc062723c751e8b465ee728b)
Start importing Assets/Wikitude/Samples/Icons/focus_icon.png using Guid(9534ed7c100124e2d8bd2ea09bee6f10) Importer(815301076,1909f56bfc062723c751e8b465ee728b)  -> (artifact id: 'fb4718ae688d183ecb0b0e0db5d818e1') in 0.045980 seconds 
  Import took 0.048963 seconds .

========================================================================
Received Import Request.
  Time since last request: 0.229220 seconds.
  path: Assets/Wikitude/Samples/TargetImages/france.jpg
  artifactKey: Guid(f0bdaf2a5d21e4538a88edb8b51586a0) Importer(815301076,1909f56bfc062723c751e8b465ee728b)
Start importing Assets/Wikitude/Samples/TargetImages/france.jpg using Guid(f0bdaf2a5d21e4538a88edb8b51586a0) Importer(815301076,1909f56bfc062723c751e8b465ee728b)  -> (artifact id: 'f00f5087d1907684dc58833c14f3bb09') in 0.063713 seconds 
  Import took 0.067344 seconds .

========================================================================
Received Import Request.
  Time since last request: 0.000519 seconds.
  path: Assets/Wikitude/Samples/TargetImages/germany.jpg
  artifactKey: Guid(d935f968a547a4a67a11426d3a44fbd0) Importer(815301076,1909f56bfc062723c751e8b465ee728b)
Start importing Assets/Wikitude/Samples/TargetImages/germany.jpg using Guid(d935f968a547a4a67a11426d3a44fbd0) Importer(815301076,1909f56bfc062723c751e8b465ee728b)  -> (artifact id: 'b3c3b83af5f6f140ffc597dadf46d08c') in 0.050970 seconds 
  Import took 0.053904 seconds .

========================================================================
Received Import Request.
  Time since last request: 0.000472 seconds.
  path: Assets/Wikitude/Samples/TargetImages/italy.jpg
  artifactKey: Guid(df830e8e0c5564241ab908ea4dfbf9cd) Importer(815301076,1909f56bfc062723c751e8b465ee728b)
Start importing Assets/Wikitude/Samples/TargetImages/italy.jpg using Guid(df830e8e0c5564241ab908ea4dfbf9cd) Importer(815301076,1909f56bfc062723c751e8b465ee728b)  -> (artifact id: 'bf9489ea2b23ceff7f075d6a5ba46d98') in 0.060760 seconds 
  Import took 0.080203 seconds .

========================================================================
Received Import Request.
  Time since last request: 0.000517 seconds.
  path: Assets/Wikitude/Samples/TargetImages/iot_target.jpg
  artifactKey: Guid(93d94558afc4d4a158489b02e076078e) Importer(815301076,1909f56bfc062723c751e8b465ee728b)
Start importing Assets/Wikitude/Samples/TargetImages/iot_target.jpg using Guid(93d94558afc4d4a158489b02e076078e) Importer(815301076,1909f56bfc062723c751e8b465ee728b)  -> (artifact id: '488e06bc39c77c3a276489fca7e410d2') in 0.056619 seconds 
  Import took 0.064797 seconds .

========================================================================
Received Import Request.
  Time since last request: 1.163378 seconds.
  path: Assets/Wikitude/Samples/TargetImages/biker.jpg
  artifactKey: Guid(a3728aee4ea6e41f487d38cd07acb077) Importer(815301076,1909f56bfc062723c751e8b465ee728b)
Start importing Assets/Wikitude/Samples/TargetImages/biker.jpg using Guid(a3728aee4ea6e41f487d38cd07acb077) Importer(815301076,1909f56bfc062723c751e8b465ee728b)  -> (artifact id: '910a4ce9e88de18e0427aa78d8994c05') in 0.067971 seconds 
  Import took 0.071264 seconds .

========================================================================
Received Import Request.
  Time since last request: 0.000457 seconds.
  path: Assets/Wikitude/Samples/TargetImages/brazil.jpg
  artifactKey: Guid(90e11a82c719447b7941dda94fe711cf) Importer(815301076,1909f56bfc062723c751e8b465ee728b)
Start importing Assets/Wikitude/Samples/TargetImages/brazil.jpg using Guid(90e11a82c719447b7941dda94fe711cf) Importer(815301076,1909f56bfc062723c751e8b465ee728b)  -> (artifact id: '30b3e1271e1613f8981c4a6de5cfde92') in 0.083228 seconds 
  Import took 0.086376 seconds .

========================================================================
Received Import Request.
  Time since last request: 0.000500 seconds.
  path: Assets/Wikitude/Samples/TargetImages/austria.jpg
  artifactKey: Guid(af9d430f3d10d4fe2bcdffa8f9619936) Importer(815301076,1909f56bfc062723c751e8b465ee728b)
Start importing Assets/Wikitude/Samples/TargetImages/austria.jpg using Guid(af9d430f3d10d4fe2bcdffa8f9619936) Importer(815301076,1909f56bfc062723c751e8b465ee728b)  -> (artifact id: '022c3d32310c6f2f6befc068c0a1e126') in 0.045912 seconds 
  Import took 0.048745 seconds .

========================================================================
Received Import Request.
  Time since last request: 17.569904 seconds.
  path: Assets/Wikitude/Samples/Icons/load.png
  artifactKey: Guid(64eb364f8fbd4488eb64a1e1e09c7a1b) Importer(815301076,1909f56bfc062723c751e8b465ee728b)
Start importing Assets/Wikitude/Samples/Icons/load.png using Guid(64eb364f8fbd4488eb64a1e1e09c7a1b) Importer(815301076,1909f56bfc062723c751e8b465ee728b)  -> (artifact id: '9e789c6cc7c6e13c76353e9c5499c58b') in 0.069830 seconds 
  Import took 0.073204 seconds .

========================================================================
Received Import Request.
  Time since last request: 0.000485 seconds.
  path: Assets/Wikitude/Samples/TargetImages/magazine_page_one.jpeg
  artifactKey: Guid(0f8a4272d6b104476afeff03770dbef3) Importer(815301076,1909f56bfc062723c751e8b465ee728b)
Start importing Assets/Wikitude/Samples/TargetImages/magazine_page_one.jpeg using Guid(0f8a4272d6b104476afeff03770dbef3) Importer(815301076,1909f56bfc062723c751e8b465ee728b)  -> (artifact id: '44963f376887fae2f3a34670987e90aa') in 0.076423 seconds 
  Import took 0.079677 seconds .

========================================================================
Received Import Request.
  Time since last request: 0.000449 seconds.
  path: Assets/Wikitude/Samples/Icons/save.png
  artifactKey: Guid(2d541972bc0f74caf959e075eb6a64cc) Importer(815301076,1909f56bfc062723c751e8b465ee728b)
Start importing Assets/Wikitude/Samples/Icons/save.png using Guid(2d541972bc0f74caf959e075eb6a64cc) Importer(815301076,1909f56bfc062723c751e8b465ee728b)  -> (artifact id: 'a6b2db698b082626f00504d305c7fec5') in 0.043863 seconds 
  Import took 0.047062 seconds .

========================================================================
Received Import Request.
  Time since last request: 0.000388 seconds.
  path: Assets/Wikitude/Samples/Icons/officechair.png
  artifactKey: Guid(7bd0d3dd1b99449cfb5dc3f3238ee39e) Importer(815301076,1909f56bfc062723c751e8b465ee728b)
Start importing Assets/Wikitude/Samples/Icons/officechair.png using Guid(7bd0d3dd1b99449cfb5dc3f3238ee39e) Importer(815301076,1909f56bfc062723c751e8b465ee728b)  -> (artifact id: '13ea0ad3c34e6f07c11fc3b2c2722a94') in 0.059765 seconds 
  Import took 0.082130 seconds .

========================================================================
Received Import Request.
  Time since last request: 0.000527 seconds.
  path: Assets/Wikitude/Samples/Icons/ui_icon_pinch.png
  artifactKey: Guid(2cab8b093eebb48ca919b16d7f15fd3c) Importer(815301076,1909f56bfc062723c751e8b465ee728b)
Start importing Assets/Wikitude/Samples/Icons/ui_icon_pinch.png using Guid(2cab8b093eebb48ca919b16d7f15fd3c) Importer(815301076,1909f56bfc062723c751e8b465ee728b)  -> (artifact id: 'aeebbb6b50bd49a5239d44b82fdf3133') in 0.075872 seconds 
  Import took 0.079569 seconds .

========================================================================
Received Import Request.
  Time since last request: 0.000442 seconds.
  path: Assets/Wikitude/Samples/Icons/ui_icon_drag.png
  artifactKey: Guid(11e17b8125970434b9a2eb1adebfa9ec) Importer(815301076,1909f56bfc062723c751e8b465ee728b)
Start importing Assets/Wikitude/Samples/Icons/ui_icon_drag.png using Guid(11e17b8125970434b9a2eb1adebfa9ec) Importer(815301076,1909f56bfc062723c751e8b465ee728b)  -> (artifact id: '2d5025200d5efdbff37a715b61d1ef83') in 0.074650 seconds 
  Import took 0.077861 seconds .

========================================================================
Received Import Request.
  Time since last request: 0.000525 seconds.
  path: Assets/Wikitude/Samples/TargetImages/tyrannosaurus.png
  artifactKey: Guid(19de46d81ccba4ae5b69f9f60ba9918b) Importer(815301076,1909f56bfc062723c751e8b465ee728b)
Start importing Assets/Wikitude/Samples/TargetImages/tyrannosaurus.png using Guid(19de46d81ccba4ae5b69f9f60ba9918b) Importer(815301076,1909f56bfc062723c751e8b465ee728b)  -> (artifact id: 'c18d3f880fe1b94c4ffeb060ae4c7668') in 0.079919 seconds 
  Import took 0.083252 seconds .

========================================================================
Received Import Request.
  Time since last request: 0.000408 seconds.
  path: Assets/Wikitude/Samples/Icons/trainer.png
  artifactKey: Guid(06a078ab6a9cd4590a4a905f26aa8e79) Importer(815301076,1909f56bfc062723c751e8b465ee728b)
Start importing Assets/Wikitude/Samples/Icons/trainer.png using Guid(06a078ab6a9cd4590a4a905f26aa8e79) Importer(815301076,1909f56bfc062723c751e8b465ee728b)  -> (artifact id: '418038f207f16c2e05497b636527a4ed') in 0.080484 seconds 
  Import took 0.083663 seconds .

========================================================================
Received Import Request.
  Time since last request: 0.000608 seconds.
  path: Assets/Wikitude/Samples/Icons/ResetIcon.png
  artifactKey: Guid(8e3405801d73748c0a6977f798545ed3) Importer(815301076,1909f56bfc062723c751e8b465ee728b)
Start importing Assets/Wikitude/Samples/Icons/ResetIcon.png using Guid(8e3405801d73748c0a6977f798545ed3) Importer(815301076,1909f56bfc062723c751e8b465ee728b)  -> (artifact id: 'c6b51160c99f28c4d4c53adfa9f9f532') in 0.043398 seconds 
  Import took 0.047181 seconds .

========================================================================
Received Import Request.
  Time since last request: 0.000367 seconds.
  path: Assets/Wikitude/Samples/Icons/table.png
  artifactKey: Guid(5d288eec4a7224dc091746c550a2302a) Importer(815301076,1909f56bfc062723c751e8b465ee728b)
Start importing Assets/Wikitude/Samples/Icons/table.png using Guid(5d288eec4a7224dc091746c550a2302a) Importer(815301076,1909f56bfc062723c751e8b465ee728b)  -> (artifact id: 'f85e8363ea9422d6c2eb6a7005922530') in 0.066634 seconds 
  Import took 0.069876 seconds .

========================================================================
Received Import Request.
  Time since last request: 0.000330 seconds.
  path: Assets/Wikitude/Samples/TargetImages/spinosaurus.png
  artifactKey: Guid(1b4169e3a193e446e90ada671c1925d4) Importer(815301076,1909f56bfc062723c751e8b465ee728b)
Start importing Assets/Wikitude/Samples/TargetImages/spinosaurus.png using Guid(1b4169e3a193e446e90ada671c1925d4) Importer(815301076,1909f56bfc062723c751e8b465ee728b)  -> (artifact id: 'a25737073d612e7144f294a51b3d967d') in 0.049896 seconds 
  Import took 0.053653 seconds .

========================================================================
Received Import Request.
  Time since last request: 0.000370 seconds.
  path: Assets/Wikitude/Samples/TargetImages/magazine_page_two.jpeg
  artifactKey: Guid(ae627ef9d990a4a2592ca675d7bbf48b) Importer(815301076,1909f56bfc062723c751e8b465ee728b)
Start importing Assets/Wikitude/Samples/TargetImages/magazine_page_two.jpeg using Guid(ae627ef9d990a4a2592ca675d7bbf48b) Importer(815301076,1909f56bfc062723c751e8b465ee728b)  -> (artifact id: '27b596c0213afe8611655491478a351a') in 0.048068 seconds 
  Import took 0.051225 seconds .

========================================================================
Received Import Request.
  Time since last request: 0.000295 seconds.
  path: Assets/Wikitude/Samples/TargetImages/triceratops.png
  artifactKey: Guid(69bdec7be5fb04145b9cc24bdd4bc6ab) Importer(815301076,1909f56bfc062723c751e8b465ee728b)
Start importing Assets/Wikitude/Samples/TargetImages/triceratops.png using Guid(69bdec7be5fb04145b9cc24bdd4bc6ab) Importer(815301076,1909f56bfc062723c751e8b465ee728b)  -> (artifact id: '1f592e9fb25084c1387b3a99085e8bdf') in 0.045706 seconds 
  Import took 0.067287 seconds .

========================================================================
Received Prepare
Refreshing native plugins compatible for Editor in 9.29 ms, found 4 plugins.
Preloading 0 native plugins for Editor in 0.00 ms.
Unloading 31 Unused Serialized files (Serialized files now loaded: 0)
System memory in use before: 44.4 MB.
System memory in use after: 44.6 MB.

Unloading 31 unused Assets to reduce memory usage. Loaded Objects now: 2112.
Total: 3.874500 ms (FindLiveObjects: 0.168200 ms CreateObjectMapping: 0.065000 ms MarkObjects: 3.603200 ms  DeleteObjects: 0.036800 ms)

AssetImportParameters requested are different than current active one (requested -> active):
  custom:framework-win-MediaFoundation: 216162199b28c13a410421893ffa2e32 -> 
  custom:video-decoder-ogg-theora: a1e56fd34408186e4bbccfd4996cb3dc -> 
  custom:container-muxer-webm: aa71ff27fc2769a1b78a27578f13a17b -> 
  custom:container-demuxer-webm: 4f35f7cbe854078d1ac9338744f61a02 -> 
  custom:container-demuxer-ogg: 62fdf1f143b41e24485cea50d1cbac27 -> 
  custom:video-encoder-webm-vp8: eb34c28f22e8b96e1ab97ce403110664 -> 
  custom:video-codec-MediaFoundation-h265: 746d11721c4dcdbdad8f713fa42b33f4 -> 
  custom:video-decoder-webm-vp8: 9c59270c3fd7afecdb556c50c9e8de78 -> 
  custom:audio-decoder-ogg-vorbis: bf7c407c2cedff20999df2af8eb42d56 -> 
  custom:audio-encoder-webm-vorbis: bf7c407c2cedff20999df2af8eb42d56 -> 
========================================================================
Received Prepare
Refreshing native plugins compatible for Editor in 9.14 ms, found 4 plugins.
Preloading 0 native plugins for Editor in 0.00 ms.
Unloading 31 Unused Serialized files (Serialized files now loaded: 0)
System memory in use before: 44.5 MB.
System memory in use after: 44.6 MB.

Unloading 31 unused Assets to reduce memory usage. Loaded Objects now: 2112.
Total: 5.380200 ms (FindLiveObjects: 0.158600 ms CreateObjectMapping: 0.075200 ms MarkObjects: 5.077200 ms  DeleteObjects: 0.067900 ms)

AssetImportParameters requested are different than current active one (requested -> active):
  custom:framework-win-MediaFoundation: 216162199b28c13a410421893ffa2e32 -> 
  custom:video-decoder-ogg-theora: a1e56fd34408186e4bbccfd4996cb3dc -> 
  custom:container-muxer-webm: aa71ff27fc2769a1b78a27578f13a17b -> 
  custom:container-demuxer-webm: 4f35f7cbe854078d1ac9338744f61a02 -> 
  custom:container-demuxer-ogg: 62fdf1f143b41e24485cea50d1cbac27 -> 
  custom:video-encoder-webm-vp8: eb34c28f22e8b96e1ab97ce403110664 -> 
  custom:video-codec-MediaFoundation-h265: 746d11721c4dcdbdad8f713fa42b33f4 -> 
  custom:video-decoder-webm-vp8: 9c59270c3fd7afecdb556c50c9e8de78 -> 
  custom:audio-decoder-ogg-vorbis: bf7c407c2cedff20999df2af8eb42d56 -> 
  custom:audio-encoder-webm-vorbis: bf7c407c2cedff20999df2af8eb42d56 -> 
========================================================================
Received Import Request.
  Time since last request: 437.917425 seconds.
  path: Assets/Drive.cs
  artifactKey: Guid(b4b20b2949f3e92459a83becbd11357a) Importer(815301076,1909f56bfc062723c751e8b465ee728b)
Start importing Assets/Drive.cs using Guid(b4b20b2949f3e92459a83becbd11357a) Importer(815301076,1909f56bfc062723c751e8b465ee728b)  -> (artifact id: 'cb1e603147b78a75a39ca1a348db4898') in 0.109475 seconds 
  Import took 0.113581 seconds .

========================================================================
Received Prepare
Registering precompiled user dll's ...
Registered in 0.010414 seconds.
Begin MonoManager ReloadAssembly
Native extension for WindowsStandalone target not found
Refreshing native plugins compatible for Editor in 0.56 ms, found 4 plugins.
Preloading 0 native plugins for Editor in 0.00 ms.
Mono: successfully reloaded assembly
- Completed reload, in  1.316 seconds
Domain Reload Profiling:
	ReloadAssembly (1317ms)
		BeginReloadAssembly (135ms)
			ExecutionOrderSort (0ms)
			DisableScriptedObjects (5ms)
			BackupInstance (0ms)
			ReleaseScriptingObjects (0ms)
			CreateAndSetChildDomain (47ms)
		EndReloadAssembly (1105ms)
			LoadAssemblies (141ms)
			RebuildTransferFunctionScriptingTraits (0ms)
			SetupTypeCache (407ms)
			ReleaseScriptCaches (1ms)
			RebuildScriptCaches (50ms)
			SetupLoadedEditorAssemblies (356ms)
				LogAssemblyErrors (0ms)
				InitializePlatformSupportModulesInManaged (5ms)
				SetLoadedEditorAssemblies (1ms)
				RefreshPlugins (1ms)
				BeforeProcessingInitializeOnLoad (88ms)
				ProcessInitializeOnLoadAttributes (245ms)
				ProcessInitializeOnLoadMethodAttributes (11ms)
				AfterProcessingInitializeOnLoad (6ms)
				EditorAssembliesLoaded (0ms)
			ExecutionOrderSort2 (0ms)
			AwakeInstancesAfterBackupRestoration (9ms)
Platform modules already initialized, skipping
Switching build target platform(19) subTarget(0) extendedPlatform(0) -> platform(13) subTarget(524288) extendedPlatform(0)
Refreshing native plugins compatible for Editor in 0.78 ms, found 4 plugins.
Preloading 0 native plugins for Editor in 0.00 ms.
Unloading 1587 Unused Serialized files (Serialized files now loaded: 0)
System memory in use before: 74.9 MB.
System memory in use after: 75.0 MB.

Unloading 33 unused Assets to reduce memory usage. Loaded Objects now: 2114.
Total: 4.127100 ms (FindLiveObjects: 0.185200 ms CreateObjectMapping: 0.074200 ms MarkObjects: 3.787400 ms  DeleteObjects: 0.078400 ms)

AssetImportParameters requested are different than current active one (requested -> active):
  custom:framework-win-MediaFoundation: 216162199b28c13a410421893ffa2e32 -> 
  custom:video-decoder-ogg-theora: a1e56fd34408186e4bbccfd4996cb3dc -> 
  custom:container-muxer-webm: aa71ff27fc2769a1b78a27578f13a17b -> 
  custom:container-demuxer-webm: 4f35f7cbe854078d1ac9338744f61a02 -> 
  custom:container-demuxer-ogg: 62fdf1f143b41e24485cea50d1cbac27 -> 
  custom:video-encoder-webm-vp8: eb34c28f22e8b96e1ab97ce403110664 -> 
  custom:video-codec-MediaFoundation-h265: 746d11721c4dcdbdad8f713fa42b33f4 -> 
  custom:video-decoder-webm-vp8: 9c59270c3fd7afecdb556c50c9e8de78 -> 
  custom:graphics/normal-map-encoding: 01000000000000000000000000000000 -> 02000000000000000000000000000000
  custom:audio-decoder-ogg-vorbis: bf7c407c2cedff20999df2af8eb42d56 -> 
  custom:audio-encoder-webm-vorbis: bf7c407c2cedff20999df2af8eb42d56 -> 
========================================================================
Received Prepare
Refreshing native plugins compatible for Editor in 12.43 ms, found 4 plugins.
Preloading 0 native plugins for Editor in 0.00 ms.
Unloading 31 Unused Serialized files (Serialized files now loaded: 0)
System memory in use before: 44.3 MB.
System memory in use after: 44.5 MB.

Unloading 31 unused Assets to reduce memory usage. Loaded Objects now: 2114.
Total: 4.315900 ms (FindLiveObjects: 0.152000 ms CreateObjectMapping: 0.063200 ms MarkObjects: 4.076000 ms  DeleteObjects: 0.023300 ms)

AssetImportParameters requested are different than current active one (requested -> active):
  custom:framework-win-MediaFoundation: 216162199b28c13a410421893ffa2e32 -> 
  custom:video-decoder-ogg-theora: a1e56fd34408186e4bbccfd4996cb3dc -> 
  custom:container-muxer-webm: aa71ff27fc2769a1b78a27578f13a17b -> 
  custom:container-demuxer-webm: 4f35f7cbe854078d1ac9338744f61a02 -> 
  custom:container-demuxer-ogg: 62fdf1f143b41e24485cea50d1cbac27 -> 
  custom:video-encoder-webm-vp8: eb34c28f22e8b96e1ab97ce403110664 -> 
  custom:video-codec-MediaFoundation-h265: 746d11721c4dcdbdad8f713fa42b33f4 -> 
  custom:video-decoder-webm-vp8: 9c59270c3fd7afecdb556c50c9e8de78 -> 
  custom:audio-decoder-ogg-vorbis: bf7c407c2cedff20999df2af8eb42d56 -> 
  custom:audio-encoder-webm-vorbis: bf7c407c2cedff20999df2af8eb42d56 -> 
AssetImportWorkerClient::OnTransportError - code=2 error=End of file
